running egg_info
writing build/my_py_pkg/my_py_pkg.egg-info/PKG-INFO
writing dependency_links to build/my_py_pkg/my_py_pkg.egg-info/dependency_links.txt
writing entry points to build/my_py_pkg/my_py_pkg.egg-info/entry_points.txt
writing requirements to build/my_py_pkg/my_py_pkg.egg-info/requires.txt
writing top-level names to build/my_py_pkg/my_py_pkg.egg-info/top_level.txt
reading manifest file 'build/my_py_pkg/my_py_pkg.egg-info/SOURCES.txt'
writing manifest file 'build/my_py_pkg/my_py_pkg.egg-info/SOURCES.txt'
running build
running build_py
copying my_py_pkg/sub.py -> /ros2/my_py_pkg/build/my_py_pkg/build/lib/my_py_pkg
copying my_py_pkg/pub.py -> /ros2/my_py_pkg/build/my_py_pkg/build/lib/my_py_pkg
copying my_py_pkg/talker.py -> /ros2/my_py_pkg/build/my_py_pkg/build/lib/my_py_pkg
running install
running install_lib
copying /ros2/my_py_pkg/build/my_py_pkg/build/lib/my_py_pkg/sub.py -> /ros2/my_py_pkg/install/my_py_pkg/lib/python3.10/site-packages/my_py_pkg
copying /ros2/my_py_pkg/build/my_py_pkg/build/lib/my_py_pkg/pub.py -> /ros2/my_py_pkg/install/my_py_pkg/lib/python3.10/site-packages/my_py_pkg
copying /ros2/my_py_pkg/build/my_py_pkg/build/lib/my_py_pkg/talker.py -> /ros2/my_py_pkg/install/my_py_pkg/lib/python3.10/site-packages/my_py_pkg
byte-compiling /ros2/my_py_pkg/install/my_py_pkg/lib/python3.10/site-packages/my_py_pkg/sub.py to sub.cpython-310.pyc
byte-compiling /ros2/my_py_pkg/install/my_py_pkg/lib/python3.10/site-packages/my_py_pkg/pub.py to pub.cpython-310.pyc
byte-compiling /ros2/my_py_pkg/install/my_py_pkg/lib/python3.10/site-packages/my_py_pkg/talker.py to talker.cpython-310.pyc
running install_data
copying package.xml -> /ros2/my_py_pkg/install/my_py_pkg/share/my_py_pkg
running install_egg_info
removing '/ros2/my_py_pkg/install/my_py_pkg/lib/python3.10/site-packages/my_py_pkg-0.0.0-py3.10.egg-info' (and everything under it)
Copying build/my_py_pkg/my_py_pkg.egg-info to /ros2/my_py_pkg/install/my_py_pkg/lib/python3.10/site-packages/my_py_pkg-0.0.0-py3.10.egg-info
running install_scripts
Installing listener script to /ros2/my_py_pkg/install/my_py_pkg/lib/my_py_pkg
Installing pub script to /ros2/my_py_pkg/install/my_py_pkg/lib/my_py_pkg
Installing talker script to /ros2/my_py_pkg/install/my_py_pkg/lib/my_py_pkg
writing list of installed files to '/ros2/my_py_pkg/build/my_py_pkg/install.log'
