[2.329s] Invoking command in '/ros2/my_py_pkg': PYTHONPATH=/ros2/my_py_pkg/build/my_py_pkg/prefix_override:/ros2/my_py_pkg/install/my_py_pkg/lib/python3.10/site-packages:${PYTHONPATH} /usr/bin/python3 setup.py egg_info --egg-base build/my_py_pkg build --build-base /ros2/my_py_pkg/build/my_py_pkg/build install --record /ros2/my_py_pkg/build/my_py_pkg/install.log --single-version-externally-managed
[3.184s] running egg_info
[3.187s] writing build/my_py_pkg/my_py_pkg.egg-info/PKG-INFO
[3.189s] writing dependency_links to build/my_py_pkg/my_py_pkg.egg-info/dependency_links.txt
[3.190s] writing entry points to build/my_py_pkg/my_py_pkg.egg-info/entry_points.txt
[3.192s] writing requirements to build/my_py_pkg/my_py_pkg.egg-info/requires.txt
[3.193s] writing top-level names to build/my_py_pkg/my_py_pkg.egg-info/top_level.txt
[3.201s] reading manifest file 'build/my_py_pkg/my_py_pkg.egg-info/SOURCES.txt'
[3.204s] writing manifest file 'build/my_py_pkg/my_py_pkg.egg-info/SOURCES.txt'
[3.205s] running build
[3.205s] running build_py
[3.206s] copying my_py_pkg/sub.py -> /ros2/my_py_pkg/build/my_py_pkg/build/lib/my_py_pkg
[3.206s] copying my_py_pkg/pub.py -> /ros2/my_py_pkg/build/my_py_pkg/build/lib/my_py_pkg
[3.207s] copying my_py_pkg/talker.py -> /ros2/my_py_pkg/build/my_py_pkg/build/lib/my_py_pkg
[3.208s] running install
[3.210s] running install_lib
[3.213s] copying /ros2/my_py_pkg/build/my_py_pkg/build/lib/my_py_pkg/sub.py -> /ros2/my_py_pkg/install/my_py_pkg/lib/python3.10/site-packages/my_py_pkg
[3.214s] copying /ros2/my_py_pkg/build/my_py_pkg/build/lib/my_py_pkg/pub.py -> /ros2/my_py_pkg/install/my_py_pkg/lib/python3.10/site-packages/my_py_pkg
[3.214s] copying /ros2/my_py_pkg/build/my_py_pkg/build/lib/my_py_pkg/talker.py -> /ros2/my_py_pkg/install/my_py_pkg/lib/python3.10/site-packages/my_py_pkg
[3.219s] byte-compiling /ros2/my_py_pkg/install/my_py_pkg/lib/python3.10/site-packages/my_py_pkg/sub.py to sub.cpython-310.pyc
[3.220s] byte-compiling /ros2/my_py_pkg/install/my_py_pkg/lib/python3.10/site-packages/my_py_pkg/pub.py to pub.cpython-310.pyc
[3.222s] byte-compiling /ros2/my_py_pkg/install/my_py_pkg/lib/python3.10/site-packages/my_py_pkg/talker.py to talker.cpython-310.pyc
[3.224s] running install_data
[3.226s] copying package.xml -> /ros2/my_py_pkg/install/my_py_pkg/share/my_py_pkg
[3.226s] running install_egg_info
[3.233s] removing '/ros2/my_py_pkg/install/my_py_pkg/lib/python3.10/site-packages/my_py_pkg-0.0.0-py3.10.egg-info' (and everything under it)
[3.234s] Copying build/my_py_pkg/my_py_pkg.egg-info to /ros2/my_py_pkg/install/my_py_pkg/lib/python3.10/site-packages/my_py_pkg-0.0.0-py3.10.egg-info
[3.237s] running install_scripts
[3.342s] Installing listener script to /ros2/my_py_pkg/install/my_py_pkg/lib/my_py_pkg
[3.343s] Installing pub script to /ros2/my_py_pkg/install/my_py_pkg/lib/my_py_pkg
[3.344s] Installing talker script to /ros2/my_py_pkg/install/my_py_pkg/lib/my_py_pkg
[3.345s] writing list of installed files to '/ros2/my_py_pkg/build/my_py_pkg/install.log'
[3.490s] Invoked command in '/ros2/my_py_pkg' returned '0': PYTHONPATH=/ros2/my_py_pkg/build/my_py_pkg/prefix_override:/ros2/my_py_pkg/install/my_py_pkg/lib/python3.10/site-packages:${PYTHONPATH} /usr/bin/python3 setup.py egg_info --egg-base build/my_py_pkg build --build-base /ros2/my_py_pkg/build/my_py_pkg/build install --record /ros2/my_py_pkg/build/my_py_pkg/install.log --single-version-externally-managed
