/ros2/my_py_pkg/install/my_py_pkg/lib/python3.10/site-packages/my_py_pkg/sub.py
/ros2/my_py_pkg/install/my_py_pkg/lib/python3.10/site-packages/my_py_pkg/pub.py
/ros2/my_py_pkg/install/my_py_pkg/lib/python3.10/site-packages/my_py_pkg/talker.py
/ros2/my_py_pkg/install/my_py_pkg/lib/python3.10/site-packages/my_py_pkg/__init__.py
/ros2/my_py_pkg/install/my_py_pkg/lib/python3.10/site-packages/my_py_pkg/__pycache__/sub.cpython-310.pyc
/ros2/my_py_pkg/install/my_py_pkg/lib/python3.10/site-packages/my_py_pkg/__pycache__/pub.cpython-310.pyc
/ros2/my_py_pkg/install/my_py_pkg/lib/python3.10/site-packages/my_py_pkg/__pycache__/talker.cpython-310.pyc
/ros2/my_py_pkg/install/my_py_pkg/lib/python3.10/site-packages/my_py_pkg/__pycache__/__init__.cpython-310.pyc
/ros2/my_py_pkg/install/my_py_pkg/share/ament_index/resource_index/packages/my_py_pkg
/ros2/my_py_pkg/install/my_py_pkg/share/my_py_pkg/package.xml
/ros2/my_py_pkg/install/my_py_pkg/lib/python3.10/site-packages/my_py_pkg-0.0.0-py3.10.egg-info/requires.txt
/ros2/my_py_pkg/install/my_py_pkg/lib/python3.10/site-packages/my_py_pkg-0.0.0-py3.10.egg-info/PKG-INFO
/ros2/my_py_pkg/install/my_py_pkg/lib/python3.10/site-packages/my_py_pkg-0.0.0-py3.10.egg-info/entry_points.txt
/ros2/my_py_pkg/install/my_py_pkg/lib/python3.10/site-packages/my_py_pkg-0.0.0-py3.10.egg-info/dependency_links.txt
/ros2/my_py_pkg/install/my_py_pkg/lib/python3.10/site-packages/my_py_pkg-0.0.0-py3.10.egg-info/zip-safe
/ros2/my_py_pkg/install/my_py_pkg/lib/python3.10/site-packages/my_py_pkg-0.0.0-py3.10.egg-info/top_level.txt
/ros2/my_py_pkg/install/my_py_pkg/lib/python3.10/site-packages/my_py_pkg-0.0.0-py3.10.egg-info/SOURCES.txt
/ros2/my_py_pkg/install/my_py_pkg/lib/my_py_pkg/listener
/ros2/my_py_pkg/install/my_py_pkg/lib/my_py_pkg/pub
/ros2/my_py_pkg/install/my_py_pkg/lib/my_py_pkg/talker
