running egg_info
creating ../build/my_py_pkg/my_py_pkg.egg-info
writing ../build/my_py_pkg/my_py_pkg.egg-info/PKG-INFO
writing dependency_links to ../build/my_py_pkg/my_py_pkg.egg-info/dependency_links.txt
writing entry points to ../build/my_py_pkg/my_py_pkg.egg-info/entry_points.txt
writing requirements to ../build/my_py_pkg/my_py_pkg.egg-info/requires.txt
writing top-level names to ../build/my_py_pkg/my_py_pkg.egg-info/top_level.txt
writing manifest file '../build/my_py_pkg/my_py_pkg.egg-info/SOURCES.txt'
reading manifest file '../build/my_py_pkg/my_py_pkg.egg-info/SOURCES.txt'
writing manifest file '../build/my_py_pkg/my_py_pkg.egg-info/SOURCES.txt'
running build
running build_py
creating /ros2/build/my_py_pkg/build
creating /ros2/build/my_py_pkg/build/lib
creating /ros2/build/my_py_pkg/build/lib/my_py_pkg
copying my_py_pkg/__init__.py -> /ros2/build/my_py_pkg/build/lib/my_py_pkg
running install
/usr/lib/python3/dist-packages/setuptools/command/install.py:34: SetuptoolsDeprecationWarning: setup.py install is deprecated. Use build and pip and other standards-based tools.
  warnings.warn(
running install_lib
creating /ros2/install/my_py_pkg/lib/python3.10/site-packages/my_py_pkg
copying /ros2/build/my_py_pkg/build/lib/my_py_pkg/__init__.py -> /ros2/install/my_py_pkg/lib/python3.10/site-packages/my_py_pkg
byte-compiling /ros2/install/my_py_pkg/lib/python3.10/site-packages/my_py_pkg/__init__.py to __init__.cpython-310.pyc
running install_data
creating /ros2/install/my_py_pkg/share/ament_index
creating /ros2/install/my_py_pkg/share/ament_index/resource_index
creating /ros2/install/my_py_pkg/share/ament_index/resource_index/packages
copying resource/my_py_pkg -> /ros2/install/my_py_pkg/share/ament_index/resource_index/packages
copying package.xml -> /ros2/install/my_py_pkg/share/my_py_pkg
running install_egg_info
Copying ../build/my_py_pkg/my_py_pkg.egg-info to /ros2/install/my_py_pkg/lib/python3.10/site-packages/my_py_pkg-0.0.0-py3.10.egg-info
running install_scripts
writing list of installed files to '/ros2/build/my_py_pkg/install.log'
