[2.290s] Invoking command in '/ros2/my_py_pkg': PYTHONPATH=/ros2/build/my_py_pkg/prefix_override:/ros2/install/my_py_pkg/lib/python3.10/site-packages:${PYTHONPATH} /usr/bin/python3 setup.py egg_info --egg-base ../build/my_py_pkg build --build-base /ros2/build/my_py_pkg/build install --record /ros2/build/my_py_pkg/install.log --single-version-externally-managed
[3.084s] running egg_info
[3.087s] creating ../build/my_py_pkg/my_py_pkg.egg-info
[3.087s] writing ../build/my_py_pkg/my_py_pkg.egg-info/PKG-INFO
[3.090s] writing dependency_links to ../build/my_py_pkg/my_py_pkg.egg-info/dependency_links.txt
[3.090s] writing entry points to ../build/my_py_pkg/my_py_pkg.egg-info/entry_points.txt
[3.091s] writing requirements to ../build/my_py_pkg/my_py_pkg.egg-info/requires.txt
[3.091s] writing top-level names to ../build/my_py_pkg/my_py_pkg.egg-info/top_level.txt
[3.091s] writing manifest file '../build/my_py_pkg/my_py_pkg.egg-info/SOURCES.txt'
[3.097s] reading manifest file '../build/my_py_pkg/my_py_pkg.egg-info/SOURCES.txt'
[3.100s] writing manifest file '../build/my_py_pkg/my_py_pkg.egg-info/SOURCES.txt'
[3.101s] running build
[3.101s] running build_py
[3.102s] creating /ros2/build/my_py_pkg/build
[3.103s] creating /ros2/build/my_py_pkg/build/lib
[3.103s] creating /ros2/build/my_py_pkg/build/lib/my_py_pkg
[3.103s] copying my_py_pkg/__init__.py -> /ros2/build/my_py_pkg/build/lib/my_py_pkg
[3.104s] running install
[3.104s] /usr/lib/python3/dist-packages/setuptools/command/install.py:34: SetuptoolsDeprecationWarning: setup.py install is deprecated. Use build and pip and other standards-based tools.
[3.105s]   warnings.warn(
[3.105s] running install_lib
[3.109s] creating /ros2/install/my_py_pkg/lib/python3.10/site-packages/my_py_pkg
[3.110s] copying /ros2/build/my_py_pkg/build/lib/my_py_pkg/__init__.py -> /ros2/install/my_py_pkg/lib/python3.10/site-packages/my_py_pkg
[3.111s] byte-compiling /ros2/install/my_py_pkg/lib/python3.10/site-packages/my_py_pkg/__init__.py to __init__.cpython-310.pyc
[3.113s] running install_data
[3.115s] creating /ros2/install/my_py_pkg/share/ament_index
[3.115s] creating /ros2/install/my_py_pkg/share/ament_index/resource_index
[3.116s] creating /ros2/install/my_py_pkg/share/ament_index/resource_index/packages
[3.116s] copying resource/my_py_pkg -> /ros2/install/my_py_pkg/share/ament_index/resource_index/packages
[3.117s] copying package.xml -> /ros2/install/my_py_pkg/share/my_py_pkg
[3.117s] running install_egg_info
[3.131s] Copying ../build/my_py_pkg/my_py_pkg.egg-info to /ros2/install/my_py_pkg/lib/python3.10/site-packages/my_py_pkg-0.0.0-py3.10.egg-info
[3.134s] running install_scripts
[3.213s] writing list of installed files to '/ros2/build/my_py_pkg/install.log'
[3.344s] Invoked command in '/ros2/my_py_pkg' returned '0': PYTHONPATH=/ros2/build/my_py_pkg/prefix_override:/ros2/install/my_py_pkg/lib/python3.10/site-packages:${PYTHONPATH} /usr/bin/python3 setup.py egg_info --egg-base ../build/my_py_pkg build --build-base /ros2/build/my_py_pkg/build install --record /ros2/build/my_py_pkg/install.log --single-version-externally-managed
